  inst/scripts/pkgdown.sh
── Initialising site ───────────────────────────────────────────────────────────────────────────────────────────────────────────────────────────
Copying <pkgdown>/BS3/assets/bootstrap-toc.css to bootstrap-toc.css
Copying <pkgdown>/BS3/assets/bootstrap-toc.js to bootstrap-toc.js
Copying <pkgdown>/BS3/assets/docsearch.css to docsearch.css
Copying <pkgdown>/BS3/assets/docsearch.js to docsearch.js
Copying <pkgdown>/BS3/assets/link.svg to link.svg
Copying <pkgdown>/BS3/assets/pkgdown.css to pkgdown.css
Copying <pkgdown>/BS3/assets/pkgdown.js to pkgdown.js
ℹ Updating gaawr2 documentation
ℹ Loading gaawr2
── Installing package gaawr2 into temporary library ────────────────────────────────────────────────────────────────────────────────────────────
── Building pkgdown site for package gaawr2 ────────────────────────────────────
Reading from: /home/jhz22/gaawr2
Writing to: /home/jhz22/gaawr2/docs
── Sitrep ──────────────────────────────────────────────────────────────────────
✖ Bootstrap 3 is deprecated; please switch to Bootstrap 5.
ℹ Learn more at
  <https://www.tidyverse.org/blog/2021/12/pkgdown-2-0-0/#bootstrap-5>.
✖ URLs not ok.
  No _pkgdown.yml found.
  See details in `vignette(pkgdown::metadata)`.
✔ Favicons ok.
✔ Open graph metadata ok.
✔ Articles metadata ok.
✔ Reference metadata ok.
── Initialising site ───────────────────────────────────────────────────────────
── Building home ───────────────────────────────────────────────────────────────
Writing `authors.html`
Reading LICENSE.md
Writing `LICENSE.html`
Writing `LICENSE-text.html`
Reading README.md
Writing `index.html`
Writing `404.html`
── Building function reference ─────────────────────────────────────────────────
Writing `reference/index.html`
── Building sitemap ────────────────────────────────────────────────────────────
Writing `sitemap.xml`
── Checking for problems ───────────────────────────────────────────────────────
── Finished building pkgdown site for package gaawr2 ───────────────────────────
── Finished building pkgdown site for package gaawr2 ───────────────────────────────────────────────────────────────────────────────────────────
